Downloading https://video.twimg.com/ext_tw_video/1336476083420479488/pu/pl/QehYS5NQidR24O6V.m3u8?tag=10
got a m3u8
executing: 
ffmpeg -i https://video.twimg.com/ext_tw_video/1336476083420479488/pu/pl/QehYS5NQidR24O6V.m3u8?tag=10 -bsf:a aac_adtstoasc -vcodec copy -c copy -crf 50 twitter_video.mp4 -y
File twitter_audio.flac uploaded to current_audio.flac.
Waiting for operation to complete...
result:  alternatives {
  transcript: "picture this okay you\'re 11 years old you walk into the mall with your parents Mommy what\'s that smell it smells so good what\'s it called my son that\'s the smell of cinnamon rolls they\'re one of the most delicious desserts to ever exist really can we try one know we have fish and rice at home huh what does that have to do with cinnamon rolls bro that was the Story of My Life anyways today we\'re making cinnamon rolls make your dough and let it rest in a big bowl so that it could double in size ah okay take it"
  confidence: 0.8402715921401978
  words {
    start_time {
      seconds: 1
    }
    end_time {
      seconds: 1
      nanos: 300000000
    }
    word: "picture"
  }
  words {
    start_time {
      seconds: 1
      nanos: 300000000
    }
    end_time {
      seconds: 1
      nanos: 500000000
    }
    word: "this"
  }
  words {
    start_time {
      seconds: 1
      nanos: 500000000
    }
    end_time {
      seconds: 1
      nanos: 800000000
    }
    word: "okay"
  }
  words {
    start_time {
      seconds: 1
      nanos: 800000000
    }
    end_time {
      seconds: 2
    }
    word: "you\'re"
  }
  words {
    start_time {
      seconds: 2
    }
    end_time {
      seconds: 2
      nanos: 400000000
    }
    word: "11"
  }
  words {
    start_time {
      seconds: 2
      nanos: 400000000
    }
    end_time {
      seconds: 2
      nanos: 700000000
    }
    word: "years"
  }
  words {
    start_time {
      seconds: 2
      nanos: 700000000
    }
    end_time {
      seconds: 3
    }
    word: "old"
  }
  words {
    start_time {
      seconds: 3
    }
    end_time {
      seconds: 3
      nanos: 100000000
    }
    word: "you"
  }
  words {
    start_time {
      seconds: 3
      nanos: 100000000
    }
    end_time {
      seconds: 3
      nanos: 300000000
    }
    word: "walk"
  }
  words {
    start_time {
      seconds: 3
      nanos: 300000000
    }
    end_time {
      seconds: 3
      nanos: 500000000
    }
    word: "into"
  }
  words {
    start_time {
      seconds: 3
      nanos: 500000000
    }
    end_time {
      seconds: 3
      nanos: 600000000
    }
    word: "the"
  }
  words {
    start_time {
      seconds: 3
      nanos: 600000000
    }
    end_time {
      seconds: 3
      nanos: 800000000
    }
    word: "mall"
  }
  words {
    start_time {
      seconds: 3
      nanos: 800000000
    }
    end_time {
      seconds: 3
      nanos: 900000000
    }
    word: "with"
  }
  words {
    start_time {
      seconds: 3
      nanos: 900000000
    }
    end_time {
      seconds: 4
      nanos: 100000000
    }
    word: "your"
  }
  words {
    start_time {
      seconds: 4
      nanos: 100000000
    }
    end_time {
      seconds: 4
      nanos: 700000000
    }
    word: "parents"
  }
  words {
    start_time {
      seconds: 5
      nanos: 800000000
    }
    end_time {
      seconds: 6
      nanos: 100000000
    }
    word: "Mommy"
  }
  words {
    start_time {
      seconds: 6
      nanos: 100000000
    }
    end_time {
      seconds: 6
      nanos: 300000000
    }
    word: "what\'s"
  }
  words {
    start_time {
      seconds: 6
      nanos: 300000000
    }
    end_time {
      seconds: 6
      nanos: 500000000
    }
    word: "that"
  }
  words {
    start_time {
      seconds: 6
      nanos: 500000000
    }
    end_time {
      seconds: 7
    }
    word: "smell"
  }
  words {
    start_time {
      seconds: 7
      nanos: 500000000
    }
    end_time {
      seconds: 7
      nanos: 700000000
    }
    word: "it"
  }
  words {
    start_time {
      seconds: 7
      nanos: 700000000
    }
    end_time {
      seconds: 8
    }
    word: "smells"
  }
  words {
    start_time {
      seconds: 8
    }
    end_time {
      seconds: 8
      nanos: 300000000
    }
    word: "so"
  }
  words {
    start_time {
      seconds: 8
      nanos: 300000000
    }
    end_time {
      seconds: 8
      nanos: 700000000
    }
    word: "good"
  }
  words {
    start_time {
      seconds: 8
      nanos: 700000000
    }
    end_time {
      seconds: 8
      nanos: 900000000
    }
    word: "what\'s"
  }
  words {
    start_time {
      seconds: 8
      nanos: 900000000
    }
    end_time {
      seconds: 9
    }
    word: "it"
  }
  words {
    start_time {
      seconds: 9
    }
    end_time {
      seconds: 9
      nanos: 600000000
    }
    word: "called"
  }
  words {
    start_time {
      seconds: 10
      nanos: 200000000
    }
    end_time {
      seconds: 10
      nanos: 400000000
    }
    word: "my"
  }
  words {
    start_time {
      seconds: 10
      nanos: 400000000
    }
    end_time {
      seconds: 10
      nanos: 900000000
    }
    word: "son"
  }
  words {
    start_time {
      seconds: 10
      nanos: 900000000
    }
    end_time {
      seconds: 11
      nanos: 100000000
    }
    word: "that\'s"
  }
  words {
    start_time {
      seconds: 11
      nanos: 100000000
    }
    end_time {
      seconds: 11
      nanos: 200000000
    }
    word: "the"
  }
  words {
    start_time {
      seconds: 11
      nanos: 200000000
    }
    end_time {
      seconds: 11
      nanos: 500000000
    }
    word: "smell"
  }
  words {
    start_time {
      seconds: 11
      nanos: 500000000
    }
    end_time {
      seconds: 11
      nanos: 600000000
    }
    word: "of"
  }
  words {
    start_time {
      seconds: 11
      nanos: 600000000
    }
    end_time {
      seconds: 12
    }
    word: "cinnamon"
  }
  words {
    start_time {
      seconds: 12
    }
    end_time {
      seconds: 12
      nanos: 500000000
    }
    word: "rolls"
  }
  words {
    start_time {
      seconds: 12
      nanos: 500000000
    }
    end_time {
      seconds: 12
      nanos: 800000000
    }
    word: "they\'re"
  }
  words {
    start_time {
      seconds: 12
      nanos: 800000000
    }
    end_time {
      seconds: 13
    }
    word: "one"
  }
  words {
    start_time {
      seconds: 13
    }
    end_time {
      seconds: 13
    }
    word: "of"
  }
  words {
    start_time {
      seconds: 13
    }
    end_time {
      seconds: 13
      nanos: 100000000
    }
    word: "the"
  }
  words {
    start_time {
      seconds: 13
      nanos: 100000000
    }
    end_time {
      seconds: 13
      nanos: 400000000
    }
    word: "most"
  }
  words {
    start_time {
      seconds: 13
      nanos: 400000000
    }
    end_time {
      seconds: 14
      nanos: 200000000
    }
    word: "delicious"
  }
  words {
    start_time {
      seconds: 14
      nanos: 200000000
    }
    end_time {
      seconds: 14
      nanos: 800000000
    }
    word: "desserts"
  }
  words {
    start_time {
      seconds: 14
      nanos: 800000000
    }
    end_time {
      seconds: 15
    }
    word: "to"
  }
  words {
    start_time {
      seconds: 15
    }
    end_time {
      seconds: 15
      nanos: 200000000
    }
    word: "ever"
  }
  words {
    start_time {
      seconds: 15
      nanos: 200000000
    }
    end_time {
      seconds: 15
      nanos: 800000000
    }
    word: "exist"
  }
  words {
    start_time {
      seconds: 15
      nanos: 900000000
    }
    end_time {
      seconds: 16
      nanos: 300000000
    }
    word: "really"
  }
  words {
    start_time {
      seconds: 16
      nanos: 300000000
    }
    end_time {
      seconds: 16
      nanos: 500000000
    }
    word: "can"
  }
  words {
    start_time {
      seconds: 16
      nanos: 500000000
    }
    end_time {
      seconds: 16
      nanos: 700000000
    }
    word: "we"
  }
  words {
    start_time {
      seconds: 16
      nanos: 700000000
    }
    end_time {
      seconds: 17
    }
    word: "try"
  }
  words {
    start_time {
      seconds: 17
    }
    end_time {
      seconds: 17
      nanos: 200000000
    }
    word: "one"
  }
  words {
    start_time {
      seconds: 17
      nanos: 200000000
    }
    end_time {
      seconds: 17
      nanos: 500000000
    }
    word: "know"
  }
  words {
    start_time {
      seconds: 17
      nanos: 500000000
    }
    end_time {
      seconds: 17
      nanos: 700000000
    }
    word: "we"
  }
  words {
    start_time {
      seconds: 17
      nanos: 700000000
    }
    end_time {
      seconds: 17
      nanos: 900000000
    }
    word: "have"
  }
  words {
    start_time {
      seconds: 17
      nanos: 900000000
    }
    end_time {
      seconds: 18
      nanos: 100000000
    }
    word: "fish"
  }
  words {
    start_time {
      seconds: 18
      nanos: 100000000
    }
    end_time {
      seconds: 18
      nanos: 300000000
    }
    word: "and"
  }
  words {
    start_time {
      seconds: 18
      nanos: 300000000
    }
    end_time {
      seconds: 18
      nanos: 400000000
    }
    word: "rice"
  }
  words {
    start_time {
      seconds: 18
      nanos: 400000000
    }
    end_time {
      seconds: 18
      nanos: 500000000
    }
    word: "at"
  }
  words {
    start_time {
      seconds: 18
      nanos: 500000000
    }
    end_time {
      seconds: 18
      nanos: 900000000
    }
    word: "home"
  }
  words {
    start_time {
      seconds: 19
    }
    end_time {
      seconds: 19
      nanos: 600000000
    }
    word: "huh"
  }
  words {
    start_time {
      seconds: 19
      nanos: 600000000
    }
    end_time {
      seconds: 19
      nanos: 800000000
    }
    word: "what"
  }
  words {
    start_time {
      seconds: 19
      nanos: 800000000
    }
    end_time {
      seconds: 19
      nanos: 900000000
    }
    word: "does"
  }
  words {
    start_time {
      seconds: 19
      nanos: 900000000
    }
    end_time {
      seconds: 20
    }
    word: "that"
  }
  words {
    start_time {
      seconds: 20
    }
    end_time {
      seconds: 20
      nanos: 100000000
    }
    word: "have"
  }
  words {
    start_time {
      seconds: 20
      nanos: 100000000
    }
    end_time {
      seconds: 20
      nanos: 200000000
    }
    word: "to"
  }
  words {
    start_time {
      seconds: 20
      nanos: 200000000
    }
    end_time {
      seconds: 20
      nanos: 300000000
    }
    word: "do"
  }
  words {
    start_time {
      seconds: 20
      nanos: 300000000
    }
    end_time {
      seconds: 20
      nanos: 400000000
    }
    word: "with"
  }
  words {
    start_time {
      seconds: 20
      nanos: 400000000
    }
    end_time {
      seconds: 20
      nanos: 800000000
    }
    word: "cinnamon"
  }
  words {
    start_time {
      seconds: 20
      nanos: 800000000
    }
    end_time {
      seconds: 21
      nanos: 200000000
    }
    word: "rolls"
  }
  words {
    start_time {
      seconds: 21
      nanos: 300000000
    }
    end_time {
      seconds: 21
      nanos: 500000000
    }
    word: "bro"
  }
  words {
    start_time {
      seconds: 21
      nanos: 500000000
    }
    end_time {
      seconds: 21
      nanos: 700000000
    }
    word: "that"
  }
  words {
    start_time {
      seconds: 21
      nanos: 700000000
    }
    end_time {
      seconds: 21
      nanos: 800000000
    }
    word: "was"
  }
  words {
    start_time {
      seconds: 21
      nanos: 800000000
    }
    end_time {
      seconds: 21
      nanos: 900000000
    }
    word: "the"
  }
  words {
    start_time {
      seconds: 21
      nanos: 900000000
    }
    end_time {
      seconds: 22
      nanos: 200000000
    }
    word: "Story"
  }
  words {
    start_time {
      seconds: 22
      nanos: 200000000
    }
    end_time {
      seconds: 22
      nanos: 400000000
    }
    word: "of"
  }
  words {
    start_time {
      seconds: 22
      nanos: 400000000
    }
    end_time {
      seconds: 22
      nanos: 600000000
    }
    word: "My"
  }
  words {
    start_time {
      seconds: 22
      nanos: 600000000
    }
    end_time {
      seconds: 23
    }
    word: "Life"
  }
  words {
    start_time {
      seconds: 23
    }
    end_time {
      seconds: 23
      nanos: 500000000
    }
    word: "anyways"
  }
  words {
    start_time {
      seconds: 23
      nanos: 500000000
    }
    end_time {
      seconds: 23
      nanos: 700000000
    }
    word: "today"
  }
  words {
    start_time {
      seconds: 23
      nanos: 700000000
    }
    end_time {
      seconds: 23
      nanos: 800000000
    }
    word: "we\'re"
  }
  words {
    start_time {
      seconds: 23
      nanos: 800000000
    }
    end_time {
      seconds: 24
      nanos: 200000000
    }
    word: "making"
  }
  words {
    start_time {
      seconds: 24
      nanos: 200000000
    }
    end_time {
      seconds: 24
      nanos: 600000000
    }
    word: "cinnamon"
  }
  words {
    start_time {
      seconds: 24
      nanos: 600000000
    }
    end_time {
      seconds: 25
    }
    word: "rolls"
  }
  words {
    start_time {
      seconds: 25
    }
    end_time {
      seconds: 25
      nanos: 200000000
    }
    word: "make"
  }
  words {
    start_time {
      seconds: 25
      nanos: 200000000
    }
    end_time {
      seconds: 25
      nanos: 400000000
    }
    word: "your"
  }
  words {
    start_time {
      seconds: 25
      nanos: 400000000
    }
    end_time {
      seconds: 25
      nanos: 600000000
    }
    word: "dough"
  }
  words {
    start_time {
      seconds: 25
      nanos: 600000000
    }
    end_time {
      seconds: 25
      nanos: 700000000
    }
    word: "and"
  }
  words {
    start_time {
      seconds: 25
      nanos: 700000000
    }
    end_time {
      seconds: 25
      nanos: 900000000
    }
    word: "let"
  }
  words {
    start_time {
      seconds: 25
      nanos: 900000000
    }
    end_time {
      seconds: 26
    }
    word: "it"
  }
  words {
    start_time {
      seconds: 26
    }
    end_time {
      seconds: 26
      nanos: 200000000
    }
    word: "rest"
  }
  words {
    start_time {
      seconds: 26
      nanos: 200000000
    }
    end_time {
      seconds: 26
      nanos: 300000000
    }
    word: "in"
  }
  words {
    start_time {
      seconds: 26
      nanos: 300000000
    }
    end_time {
      seconds: 26
      nanos: 400000000
    }
    word: "a"
  }
  words {
    start_time {
      seconds: 26
      nanos: 400000000
    }
    end_time {
      seconds: 26
      nanos: 700000000
    }
    word: "big"
  }
  words {
    start_time {
      seconds: 26
      nanos: 700000000
    }
    end_time {
      seconds: 27
    }
    word: "bowl"
  }
  words {
    start_time {
      seconds: 27
    }
    end_time {
      seconds: 27
      nanos: 100000000
    }
    word: "so"
  }
  words {
    start_time {
      seconds: 27
      nanos: 100000000
    }
    end_time {
      seconds: 27
      nanos: 300000000
    }
    word: "that"
  }
  words {
    start_time {
      seconds: 27
      nanos: 300000000
    }
    end_time {
      seconds: 27
      nanos: 400000000
    }
    word: "it"
  }
  words {
    start_time {
      seconds: 27
      nanos: 400000000
    }
    end_time {
      seconds: 27
      nanos: 500000000
    }
    word: "could"
  }
  words {
    start_time {
      seconds: 27
      nanos: 500000000
    }
    end_time {
      seconds: 27
      nanos: 800000000
    }
    word: "double"
  }
  words {
    start_time {
      seconds: 27
      nanos: 800000000
    }
    end_time {
      seconds: 28
    }
    word: "in"
  }
  words {
    start_time {
      seconds: 28
    }
    end_time {
      seconds: 28
      nanos: 500000000
    }
    word: "size"
  }
  words {
    start_time {
      seconds: 28
      nanos: 600000000
    }
    end_time {
      seconds: 29
      nanos: 200000000
    }
    word: "ah"
  }
  words {
    start_time {
      seconds: 29
      nanos: 200000000
    }
    end_time {
      seconds: 29
      nanos: 500000000
    }
    word: "okay"
  }
  words {
    start_time {
      seconds: 29
      nanos: 500000000
    }
    end_time {
      seconds: 29
      nanos: 800000000
    }
    word: "take"
  }
  words {
    start_time {
      seconds: 29
      nanos: 800000000
    }
    end_time {
      seconds: 29
      nanos: 800000000
    }
    word: "it"
  }
}

Confidence: 0.8402715921401978
result:  alternatives {
  transcript: " doubt and roll it into a big triangle rectangle and yeah the only thing you need now is unsalted butter and the combination of cinnamon and brown sugar roll your dough up so that it could be nice and chunky and we\'re going to cut it into pieces with flaws using floss allows you to get cleaner Cuts without smashing the rolls okay okay thinking outside the box now I believe I baked it for 22 minutes and to be honest they came out extremely ugly like there\'s no hiding that but that\'s okay because we\'re going to cover it with icing and yeah that\'s pretty much it by the way guys I was thinking like is this a pastry or a dessert"
  confidence: 0.7241504192352295
  words {
    start_time {
      seconds: 30
    }
    end_time {
      seconds: 30
      nanos: 100000000
    }
    word: "doubt"
  }
  words {
    start_time {
      seconds: 30
      nanos: 100000000
    }
    end_time {
      seconds: 30
      nanos: 300000000
    }
    word: "and"
  }
  words {
    start_time {
      seconds: 30
      nanos: 300000000
    }
    end_time {
      seconds: 30
      nanos: 500000000
    }
    word: "roll"
  }
  words {
    start_time {
      seconds: 30
      nanos: 500000000
    }
    end_time {
      seconds: 30
      nanos: 600000000
    }
    word: "it"
  }
  words {
    start_time {
      seconds: 30
      nanos: 600000000
    }
    end_time {
      seconds: 30
      nanos: 800000000
    }
    word: "into"
  }
  words {
    start_time {
      seconds: 30
      nanos: 800000000
    }
    end_time {
      seconds: 30
      nanos: 900000000
    }
    word: "a"
  }
  words {
    start_time {
      seconds: 30
      nanos: 900000000
    }
    end_time {
      seconds: 31
      nanos: 300000000
    }
    word: "big"
  }
  words {
    start_time {
      seconds: 31
      nanos: 300000000
    }
    end_time {
      seconds: 31
      nanos: 800000000
    }
    word: "triangle"
  }
  words {
    start_time {
      seconds: 31
      nanos: 800000000
    }
    end_time {
      seconds: 32
      nanos: 500000000
    }
    word: "rectangle"
  }
  words {
    start_time {
      seconds: 32
      nanos: 500000000
    }
    end_time {
      seconds: 32
      nanos: 700000000
    }
    word: "and"
  }
  words {
    start_time {
      seconds: 32
      nanos: 700000000
    }
    end_time {
      seconds: 32
      nanos: 800000000
    }
    word: "yeah"
  }
  words {
    start_time {
      seconds: 32
      nanos: 800000000
    }
    end_time {
      seconds: 33
    }
    word: "the"
  }
  words {
    start_time {
      seconds: 33
    }
    end_time {
      seconds: 33
      nanos: 200000000
    }
    word: "only"
  }
  words {
    start_time {
      seconds: 33
      nanos: 200000000
    }
    end_time {
      seconds: 33
      nanos: 300000000
    }
    word: "thing"
  }
  words {
    start_time {
      seconds: 33
      nanos: 300000000
    }
    end_time {
      seconds: 33
      nanos: 400000000
    }
    word: "you"
  }
  words {
    start_time {
      seconds: 33
      nanos: 400000000
    }
    end_time {
      seconds: 33
      nanos: 600000000
    }
    word: "need"
  }
  words {
    start_time {
      seconds: 33
      nanos: 600000000
    }
    end_time {
      seconds: 33
      nanos: 800000000
    }
    word: "now"
  }
  words {
    start_time {
      seconds: 33
      nanos: 800000000
    }
    end_time {
      seconds: 34
    }
    word: "is"
  }
  words {
    start_time {
      seconds: 34
    }
    end_time {
      seconds: 34
      nanos: 600000000
    }
    word: "unsalted"
  }
  words {
    start_time {
      seconds: 34
      nanos: 600000000
    }
    end_time {
      seconds: 35
      nanos: 100000000
    }
    word: "butter"
  }
  words {
    start_time {
      seconds: 35
      nanos: 100000000
    }
    end_time {
      seconds: 35
      nanos: 200000000
    }
    word: "and"
  }
  words {
    start_time {
      seconds: 35
      nanos: 200000000
    }
    end_time {
      seconds: 35
      nanos: 300000000
    }
    word: "the"
  }
  words {
    start_time {
      seconds: 35
      nanos: 300000000
    }
    end_time {
      seconds: 36
    }
    word: "combination"
  }
  words {
    start_time {
      seconds: 36
    }
    end_time {
      seconds: 36
      nanos: 100000000
    }
    word: "of"
  }
  words {
    start_time {
      seconds: 36
      nanos: 100000000
    }
    end_time {
      seconds: 36
      nanos: 600000000
    }
    word: "cinnamon"
  }
  words {
    start_time {
      seconds: 36
      nanos: 600000000
    }
    end_time {
      seconds: 36
      nanos: 900000000
    }
    word: "and"
  }
  words {
    start_time {
      seconds: 36
      nanos: 900000000
    }
    end_time {
      seconds: 37
      nanos: 200000000
    }
    word: "brown"
  }
  words {
    start_time {
      seconds: 37
      nanos: 200000000
    }
    end_time {
      seconds: 37
      nanos: 500000000
    }
    word: "sugar"
  }
  words {
    start_time {
      seconds: 37
      nanos: 600000000
    }
    end_time {
      seconds: 37
      nanos: 700000000
    }
    word: "roll"
  }
  words {
    start_time {
      seconds: 37
      nanos: 700000000
    }
    end_time {
      seconds: 37
      nanos: 900000000
    }
    word: "your"
  }
  words {
    start_time {
      seconds: 37
      nanos: 900000000
    }
    end_time {
      seconds: 38
      nanos: 100000000
    }
    word: "dough"
  }
  words {
    start_time {
      seconds: 38
      nanos: 100000000
    }
    end_time {
      seconds: 38
      nanos: 200000000
    }
    word: "up"
  }
  words {
    start_time {
      seconds: 38
      nanos: 200000000
    }
    end_time {
      seconds: 38
      nanos: 300000000
    }
    word: "so"
  }
  words {
    start_time {
      seconds: 38
      nanos: 300000000
    }
    end_time {
      seconds: 38
      nanos: 500000000
    }
    word: "that"
  }
  words {
    start_time {
      seconds: 38
      nanos: 500000000
    }
    end_time {
      seconds: 38
      nanos: 600000000
    }
    word: "it"
  }
  words {
    start_time {
      seconds: 38
      nanos: 600000000
    }
    end_time {
      seconds: 38
      nanos: 700000000
    }
    word: "could"
  }
  words {
    start_time {
      seconds: 38
      nanos: 700000000
    }
    end_time {
      seconds: 38
      nanos: 800000000
    }
    word: "be"
  }
  words {
    start_time {
      seconds: 38
      nanos: 800000000
    }
    end_time {
      seconds: 39
      nanos: 100000000
    }
    word: "nice"
  }
  words {
    start_time {
      seconds: 39
      nanos: 100000000
    }
    end_time {
      seconds: 39
      nanos: 200000000
    }
    word: "and"
  }
  words {
    start_time {
      seconds: 39
      nanos: 200000000
    }
    end_time {
      seconds: 39
      nanos: 600000000
    }
    word: "chunky"
  }
  words {
    start_time {
      seconds: 39
      nanos: 600000000
    }
    end_time {
      seconds: 39
      nanos: 800000000
    }
    word: "and"
  }
  words {
    start_time {
      seconds: 39
      nanos: 800000000
    }
    end_time {
      seconds: 39
      nanos: 900000000
    }
    word: "we\'re"
  }
  words {
    start_time {
      seconds: 39
      nanos: 900000000
    }
    end_time {
      seconds: 40
    }
    word: "going"
  }
  words {
    start_time {
      seconds: 40
    }
    end_time {
      seconds: 40
      nanos: 100000000
    }
    word: "to"
  }
  words {
    start_time {
      seconds: 40
      nanos: 100000000
    }
    end_time {
      seconds: 40
      nanos: 200000000
    }
    word: "cut"
  }
  words {
    start_time {
      seconds: 40
      nanos: 200000000
    }
    end_time {
      seconds: 40
      nanos: 300000000
    }
    word: "it"
  }
  words {
    start_time {
      seconds: 40
      nanos: 300000000
    }
    end_time {
      seconds: 40
      nanos: 500000000
    }
    word: "into"
  }
  words {
    start_time {
      seconds: 40
      nanos: 500000000
    }
    end_time {
      seconds: 40
      nanos: 900000000
    }
    word: "pieces"
  }
  words {
    start_time {
      seconds: 40
      nanos: 900000000
    }
    end_time {
      seconds: 41
      nanos: 200000000
    }
    word: "with"
  }
  words {
    start_time {
      seconds: 41
      nanos: 200000000
    }
    end_time {
      seconds: 41
      nanos: 700000000
    }
    word: "flaws"
  }
  words {
    start_time {
      seconds: 41
      nanos: 700000000
    }
    end_time {
      seconds: 42
      nanos: 100000000
    }
    word: "using"
  }
  words {
    start_time {
      seconds: 42
      nanos: 100000000
    }
    end_time {
      seconds: 42
      nanos: 400000000
    }
    word: "floss"
  }
  words {
    start_time {
      seconds: 42
      nanos: 400000000
    }
    end_time {
      seconds: 42
      nanos: 600000000
    }
    word: "allows"
  }
  words {
    start_time {
      seconds: 42
      nanos: 600000000
    }
    end_time {
      seconds: 42
      nanos: 700000000
    }
    word: "you"
  }
  words {
    start_time {
      seconds: 42
      nanos: 700000000
    }
    end_time {
      seconds: 42
      nanos: 900000000
    }
    word: "to"
  }
  words {
    start_time {
      seconds: 42
      nanos: 900000000
    }
    end_time {
      seconds: 43
      nanos: 100000000
    }
    word: "get"
  }
  words {
    start_time {
      seconds: 43
      nanos: 100000000
    }
    end_time {
      seconds: 43
      nanos: 400000000
    }
    word: "cleaner"
  }
  words {
    start_time {
      seconds: 43
      nanos: 400000000
    }
    end_time {
      seconds: 43
      nanos: 700000000
    }
    word: "Cuts"
  }
  words {
    start_time {
      seconds: 43
      nanos: 700000000
    }
    end_time {
      seconds: 44
    }
    word: "without"
  }
  words {
    start_time {
      seconds: 44
    }
    end_time {
      seconds: 44
      nanos: 400000000
    }
    word: "smashing"
  }
  words {
    start_time {
      seconds: 44
      nanos: 400000000
    }
    end_time {
      seconds: 44
      nanos: 500000000
    }
    word: "the"
  }
  words {
    start_time {
      seconds: 44
      nanos: 500000000
    }
    end_time {
      seconds: 45
    }
    word: "rolls"
  }
  words {
    start_time {
      seconds: 45
    }
    end_time {
      seconds: 45
      nanos: 300000000
    }
    word: "okay"
  }
  words {
    start_time {
      seconds: 45
      nanos: 300000000
    }
    end_time {
      seconds: 45
      nanos: 700000000
    }
    word: "okay"
  }
  words {
    start_time {
      seconds: 45
      nanos: 700000000
    }
    end_time {
      seconds: 46
    }
    word: "thinking"
  }
  words {
    start_time {
      seconds: 46
    }
    end_time {
      seconds: 46
      nanos: 300000000
    }
    word: "outside"
  }
  words {
    start_time {
      seconds: 46
      nanos: 300000000
    }
    end_time {
      seconds: 46
      nanos: 400000000
    }
    word: "the"
  }
  words {
    start_time {
      seconds: 46
      nanos: 400000000
    }
    end_time {
      seconds: 46
      nanos: 800000000
    }
    word: "box"
  }
  words {
    start_time {
      seconds: 46
      nanos: 800000000
    }
    end_time {
      seconds: 47
    }
    word: "now"
  }
  words {
    start_time {
      seconds: 47
    }
    end_time {
      seconds: 47
      nanos: 100000000
    }
    word: "I"
  }
  words {
    start_time {
      seconds: 47
      nanos: 100000000
    }
    end_time {
      seconds: 47
      nanos: 600000000
    }
    word: "believe"
  }
  words {
    start_time {
      seconds: 47
      nanos: 600000000
    }
    end_time {
      seconds: 47
      nanos: 700000000
    }
    word: "I"
  }
  words {
    start_time {
      seconds: 47
      nanos: 700000000
    }
    end_time {
      seconds: 48
    }
    word: "baked"
  }
  words {
    start_time {
      seconds: 48
    }
    end_time {
      seconds: 48
    }
    word: "it"
  }
  words {
    start_time {
      seconds: 48
    }
    end_time {
      seconds: 48
      nanos: 200000000
    }
    word: "for"
  }
  words {
    start_time {
      seconds: 48
      nanos: 200000000
    }
    end_time {
      seconds: 48
      nanos: 700000000
    }
    word: "22"
  }
  words {
    start_time {
      seconds: 48
      nanos: 700000000
    }
    end_time {
      seconds: 49
      nanos: 200000000
    }
    word: "minutes"
  }
  words {
    start_time {
      seconds: 49
      nanos: 200000000
    }
    end_time {
      seconds: 49
      nanos: 400000000
    }
    word: "and"
  }
  words {
    start_time {
      seconds: 49
      nanos: 400000000
    }
    end_time {
      seconds: 49
      nanos: 500000000
    }
    word: "to"
  }
  words {
    start_time {
      seconds: 49
      nanos: 500000000
    }
    end_time {
      seconds: 49
      nanos: 600000000
    }
    word: "be"
  }
  words {
    start_time {
      seconds: 49
      nanos: 600000000
    }
    end_time {
      seconds: 49
      nanos: 900000000
    }
    word: "honest"
  }
  words {
    start_time {
      seconds: 49
      nanos: 900000000
    }
    end_time {
      seconds: 50
    }
    word: "they"
  }
  words {
    start_time {
      seconds: 50
    }
    end_time {
      seconds: 50
      nanos: 300000000
    }
    word: "came"
  }
  words {
    start_time {
      seconds: 50
      nanos: 300000000
    }
    end_time {
      seconds: 50
      nanos: 400000000
    }
    word: "out"
  }
  words {
    start_time {
      seconds: 50
      nanos: 400000000
    }
    end_time {
      seconds: 51
    }
    word: "extremely"
  }
  words {
    start_time {
      seconds: 51
    }
    end_time {
      seconds: 51
      nanos: 400000000
    }
    word: "ugly"
  }
  words {
    start_time {
      seconds: 51
      nanos: 400000000
    }
    end_time {
      seconds: 51
      nanos: 600000000
    }
    word: "like"
  }
  words {
    start_time {
      seconds: 51
      nanos: 600000000
    }
    end_time {
      seconds: 51
      nanos: 800000000
    }
    word: "there\'s"
  }
  words {
    start_time {
      seconds: 51
      nanos: 800000000
    }
    end_time {
      seconds: 51
      nanos: 900000000
    }
    word: "no"
  }
  words {
    start_time {
      seconds: 51
      nanos: 900000000
    }
    end_time {
      seconds: 52
      nanos: 200000000
    }
    word: "hiding"
  }
  words {
    start_time {
      seconds: 52
      nanos: 200000000
    }
    end_time {
      seconds: 52
      nanos: 400000000
    }
    word: "that"
  }
  words {
    start_time {
      seconds: 52
      nanos: 400000000
    }
    end_time {
      seconds: 52
      nanos: 600000000
    }
    word: "but"
  }
  words {
    start_time {
      seconds: 52
      nanos: 600000000
    }
    end_time {
      seconds: 52
      nanos: 800000000
    }
    word: "that\'s"
  }
  words {
    start_time {
      seconds: 52
      nanos: 800000000
    }
    end_time {
      seconds: 53
      nanos: 100000000
    }
    word: "okay"
  }
  words {
    start_time {
      seconds: 53
      nanos: 100000000
    }
    end_time {
      seconds: 53
      nanos: 400000000
    }
    word: "because"
  }
  words {
    start_time {
      seconds: 53
      nanos: 400000000
    }
    end_time {
      seconds: 53
      nanos: 500000000
    }
    word: "we\'re"
  }
  words {
    start_time {
      seconds: 53
      nanos: 500000000
    }
    end_time {
      seconds: 53
      nanos: 700000000
    }
    word: "going"
  }
  words {
    start_time {
      seconds: 53
      nanos: 700000000
    }
    end_time {
      seconds: 53
      nanos: 700000000
    }
    word: "to"
  }
  words {
    start_time {
      seconds: 53
      nanos: 700000000
    }
    end_time {
      seconds: 54
    }
    word: "cover"
  }
  words {
    start_time {
      seconds: 54
    }
    end_time {
      seconds: 54
      nanos: 100000000
    }
    word: "it"
  }
  words {
    start_time {
      seconds: 54
      nanos: 100000000
    }
    end_time {
      seconds: 54
      nanos: 400000000
    }
    word: "with"
  }
  words {
    start_time {
      seconds: 54
      nanos: 400000000
    }
    end_time {
      seconds: 55
    }
    word: "icing"
  }
  words {
    start_time {
      seconds: 55
    }
    end_time {
      seconds: 55
      nanos: 200000000
    }
    word: "and"
  }
  words {
    start_time {
      seconds: 55
      nanos: 200000000
    }
    end_time {
      seconds: 55
      nanos: 300000000
    }
    word: "yeah"
  }
  words {
    start_time {
      seconds: 55
      nanos: 300000000
    }
    end_time {
      seconds: 55
      nanos: 500000000
    }
    word: "that\'s"
  }
  words {
    start_time {
      seconds: 55
      nanos: 500000000
    }
    end_time {
      seconds: 55
      nanos: 600000000
    }
    word: "pretty"
  }
  words {
    start_time {
      seconds: 55
      nanos: 600000000
    }
    end_time {
      seconds: 55
      nanos: 900000000
    }
    word: "much"
  }
  words {
    start_time {
      seconds: 55
      nanos: 900000000
    }
    end_time {
      seconds: 56
    }
    word: "it"
  }
  words {
    start_time {
      seconds: 56
    }
    end_time {
      seconds: 56
      nanos: 100000000
    }
    word: "by"
  }
  words {
    start_time {
      seconds: 56
      nanos: 100000000
    }
    end_time {
      seconds: 56
      nanos: 300000000
    }
    word: "the"
  }
  words {
    start_time {
      seconds: 56
      nanos: 300000000
    }
    end_time {
      seconds: 56
      nanos: 400000000
    }
    word: "way"
  }
  words {
    start_time {
      seconds: 56
      nanos: 400000000
    }
    end_time {
      seconds: 56
      nanos: 700000000
    }
    word: "guys"
  }
  words {
    start_time {
      seconds: 56
      nanos: 700000000
    }
    end_time {
      seconds: 56
      nanos: 800000000
    }
    word: "I"
  }
  words {
    start_time {
      seconds: 56
      nanos: 800000000
    }
    end_time {
      seconds: 57
    }
    word: "was"
  }
  words {
    start_time {
      seconds: 57
    }
    end_time {
      seconds: 57
      nanos: 400000000
    }
    word: "thinking"
  }
  words {
    start_time {
      seconds: 57
      nanos: 400000000
    }
    end_time {
      seconds: 57
      nanos: 600000000
    }
    word: "like"
  }
  words {
    start_time {
      seconds: 57
      nanos: 600000000
    }
    end_time {
      seconds: 57
      nanos: 800000000
    }
    word: "is"
  }
  words {
    start_time {
      seconds: 57
      nanos: 800000000
    }
    end_time {
      seconds: 58
    }
    word: "this"
  }
  words {
    start_time {
      seconds: 58
    }
    end_time {
      seconds: 58
    }
    word: "a"
  }
  words {
    start_time {
      seconds: 58
    }
    end_time {
      seconds: 58
      nanos: 600000000
    }
    word: "pastry"
  }
  words {
    start_time {
      seconds: 58
      nanos: 600000000
    }
    end_time {
      seconds: 58
      nanos: 800000000
    }
    word: "or"
  }
  words {
    start_time {
      seconds: 58
      nanos: 800000000
    }
    end_time {
      seconds: 58
      nanos: 800000000
    }
    word: "a"
  }
  words {
    start_time {
      seconds: 58
      nanos: 800000000
    }
    end_time {
      seconds: 59
      nanos: 600000000
    }
    word: "dessert"
  }
}
